--------------------------------------------------------------------------------
Release 14.7 Trace  (nt)
Copyright (c) 1995-2013 Xilinx, Inc.  All rights reserved.

C:\Xilinx\14.7\ISE_DS\ISE\bin\nt\unwrapped\trce.exe -intstyle ise -v 3 -s 4 -n
3 -fastpaths -xml pinagem.twx pinagem.ncd -o pinagem.twr pinagem.pcf

Design file:              pinagem.ncd
Physical constraint file: pinagem.pcf
Device,package,speed:     xc3s100e,cp132,-4 (PRODUCTION 1.27 2013-10-13)
Report level:             verbose report

Environment Variable      Effect 
--------------------      ------ 
NONE                      No environment variables were set
--------------------------------------------------------------------------------

INFO:Timing:2698 - No timing constraints found, doing default enumeration.
INFO:Timing:3412 - To improve timing, see the Timing Closure User Guide (UG612).
INFO:Timing:2752 - To get complete path coverage, use the unconstrained paths 
   option. All paths that are not constrained will be reported in the 
   unconstrained paths section(s) of the report.
INFO:Timing:3339 - The clock-to-out numbers in this timing report are based on 
   a 50 Ohm transmission line loading model.  For the details of this model, 
   and for more information on accounting for different loading conditions, 
   please see the device datasheet.
INFO:Timing:3390 - This architecture does not support a default System Jitter 
   value, please add SYSTEM_JITTER constraint to the UCF to modify the Clock 
   Uncertainty calculation.
INFO:Timing:3389 - This architecture does not support 'Discrete Jitter' and 
   'Phase Error' calculations, these terms will be zero in the Clock 
   Uncertainty calculation.  Please make appropriate modification to 
   SYSTEM_JITTER to account for the unsupported Discrete Jitter and Phase 
   Error.



Data Sheet report:
-----------------
All values displayed in nanoseconds (ns)

Pad to Pad
---------------+---------------+---------+
Source Pad     |Destination Pad|  Delay  |
---------------+---------------+---------+
dado<0>        |seg<0>         |    7.426|
dado<0>        |seg<1>         |    8.010|
dado<0>        |seg<2>         |    7.915|
dado<0>        |seg<3>         |    7.848|
dado<0>        |seg<4>         |    7.781|
dado<0>        |seg<5>         |    7.481|
dado<0>        |seg<6>         |    7.427|
dado<1>        |seg<0>         |    9.102|
dado<1>        |seg<1>         |    9.686|
dado<1>        |seg<2>         |    9.513|
dado<1>        |seg<3>         |    9.477|
dado<1>        |seg<4>         |    9.422|
dado<1>        |seg<5>         |    9.122|
dado<1>        |seg<6>         |    9.025|
dado<2>        |seg<0>         |    9.012|
dado<2>        |seg<1>         |    9.596|
dado<2>        |seg<2>         |    9.570|
dado<2>        |seg<3>         |    9.561|
dado<2>        |seg<4>         |    9.327|
dado<2>        |seg<5>         |    9.027|
dado<2>        |seg<6>         |    9.082|
dado<3>        |seg<0>         |    7.343|
dado<3>        |seg<1>         |    7.927|
dado<3>        |seg<2>         |    8.021|
dado<3>        |seg<3>         |    7.947|
dado<3>        |seg<4>         |    7.723|
dado<3>        |seg<5>         |    7.423|
dado<3>        |seg<6>         |    7.533|
---------------+---------------+---------+


Analysis completed Wed Aug 28 20:35:35 2019 
--------------------------------------------------------------------------------

Trace Settings:
-------------------------
Trace Settings 

Peak Memory Usage: 130 MB



